<?xml version="1.0" encoding="UTF-8"?>
<coverage generated="1783530520019" clover="3.2.0">
  <project timestamp="1783530520019" name="All files">
    <metrics statements="61" coveredstatements="29" conditionals="75" coveredconditionals="15" methods="23" coveredmethods="10" elements="159" coveredelements="54" complexity="0" loc="61" ncloc="61" packages="1" files="2" classes="2"/>
    <file name="utils.ts" path="C:/laragon/www/ProjectRiefaHaragumi-main/Frontend/src/lib/utils.ts">
      <metrics statements="19" coveredstatements="16" conditionals="12" coveredconditionals="7" methods="7" coveredmethods="5"/>
      <line num="5" count="0" type="stmt"/>
      <line num="8" count="3" type="stmt"/>
      <line num="9" count="0" type="cond" truecount="0" falsecount="4"/>
      <line num="10" count="0" type="stmt"/>
      <line num="18" count="5" type="stmt"/>
      <line num="19" count="5" type="stmt"/>
      <line num="20" count="50" type="stmt"/>
      <line num="21" count="50" type="stmt"/>
      <line num="22" count="50" type="stmt"/>
      <line num="24" count="5" type="stmt"/>
      <line num="34" count="4" type="stmt"/>
      <line num="39" count="4" type="cond" truecount="2" falsecount="0"/>
      <line num="47" count="3" type="cond" truecount="4" falsecount="0"/>
      <line num="48" count="1" type="stmt"/>
      <line num="54" count="2" type="stmt"/>
      <line num="59" count="4" type="stmt"/>
      <line num="60" count="4" type="stmt"/>
      <line num="63" count="3" type="stmt"/>
      <line num="70" count="4" type="cond" truecount="1" falsecount="1"/>
    </file>
    <file name="waitingList.ts" path="C:/laragon/www/ProjectRiefaHaragumi-main/Frontend/src/lib/waitingList.ts">
      <metrics statements="42" coveredstatements="13" conditionals="63" coveredconditionals="8" methods="16" coveredmethods="5"/>
      <line num="15" count="2" type="stmt"/>
      <line num="16" count="0" type="stmt"/>
      <line num="17" count="0" type="stmt"/>
      <line num="18" count="0" type="cond" truecount="0" falsecount="4"/>
      <line num="19" count="0" type="stmt"/>
      <line num="20" count="0" type="cond" truecount="0" falsecount="4"/>
      <line num="21" count="0" type="stmt"/>
      <line num="22" count="0" type="stmt"/>
      <line num="26" count="0" type="stmt"/>
      <line num="27" count="0" type="cond" truecount="0" falsecount="4"/>
      <line num="28" count="0" type="stmt"/>
      <line num="33" count="2" type="stmt"/>
      <line num="38" count="0" type="stmt"/>
      <line num="39" count="0" type="stmt"/>
      <line num="41" count="0" type="cond" truecount="0" falsecount="5"/>
      <line num="49" count="2" type="stmt"/>
      <line num="50" count="296" type="cond" truecount="2" falsecount="0"/>
      <line num="53" count="2" type="stmt"/>
      <line num="54" count="3" type="stmt"/>
      <line num="55" count="3" type="stmt"/>
      <line num="56" count="3" type="stmt"/>
      <line num="57" count="5" type="cond" truecount="4" falsecount="0"/>
      <line num="58" count="2" type="cond" truecount="2" falsecount="0"/>
      <line num="62" count="3" type="stmt"/>
      <line num="67" count="2" type="stmt"/>
      <line num="71" count="0" type="cond" truecount="0" falsecount="2"/>
      <line num="72" count="0" type="cond" truecount="0" falsecount="2"/>
      <line num="73" count="0" type="cond" truecount="0" falsecount="2"/>
      <line num="74" count="0" type="cond" truecount="0" falsecount="2"/>
      <line num="75" count="0" type="cond" truecount="0" falsecount="2"/>
      <line num="91" count="2" type="stmt"/>
      <line num="96" count="0" type="stmt"/>
      <line num="97" count="0" type="stmt"/>
      <line num="98" count="0" type="cond" truecount="0" falsecount="2"/>
      <line num="100" count="0" type="cond" truecount="0" falsecount="4"/>
      <line num="101" count="0" type="cond" truecount="0" falsecount="2"/>
      <line num="102" count="0" type="stmt"/>
      <line num="103" count="0" type="cond" truecount="0" falsecount="4"/>
      <line num="104" count="0" type="cond" truecount="0" falsecount="4"/>
      <line num="105" count="0" type="cond" truecount="0" falsecount="2"/>
      <line num="106" count="0" type="stmt"/>
      <line num="115" count="0" type="stmt"/>
    </file>
  </project>
</coverage>
