{"C:/laragon/www/ProjectRiefaHaragumi-main/Frontend/src/lib/utils.ts": {"path":"C:/laragon/www/ProjectRiefaHaragumi-main/Frontend/src/lib/utils.ts","statementMap":{"0":{"start":{"line":5,"column":2},"end":{"line":5,"column":null}},"1":{"start":{"line":8,"column":28},"end":{"line":15,"column":2}},"2":{"start":{"line":9,"column":18},"end":{"line":9,"column":null}},"3":{"start":{"line":10,"column":2},"end":{"line":14,"column":null}},"4":{"start":{"line":18,"column":13},"end":{"line":18,"column":null}},"5":{"start":{"line":19,"column":2},"end":{"line":23,"column":null}},"6":{"start":{"line":19,"column":15},"end":{"line":19,"column":18}},"7":{"start":{"line":20,"column":17},"end":{"line":20,"column":null}},"8":{"start":{"line":21,"column":4},"end":{"line":21,"column":null}},"9":{"start":{"line":22,"column":4},"end":{"line":22,"column":null}},"10":{"start":{"line":24,"column":2},"end":{"line":24,"column":null}},"11":{"start":{"line":34,"column":41},"end":{"line":38,"column":null}},"12":{"start":{"line":39,"column":2},"end":{"line":39,"column":null}},"13":{"start":{"line":47,"column":2},"end":{"line":53,"column":null}},"14":{"start":{"line":48,"column":4},"end":{"line":52,"column":null}},"15":{"start":{"line":54,"column":2},"end":{"line":54,"column":null}},"16":{"start":{"line":59,"column":4},"end":{"line":59,"column":null}},"17":{"start":{"line":60,"column":2},"end":{"line":60,"column":null}},"18":{"start":{"line":63,"column":60},"end":{"line":67,"column":2}},"19":{"start":{"line":70,"column":2},"end":{"line":70,"column":null}}},"fnMap":{"0":{"name":"cn","decl":{"start":{"line":4,"column":16},"end":{"line":4,"column":19}},"loc":{"start":{"line":4,"column":42},"end":{"line":6,"column":null}}},"1":{"name":"(anonymous_1)","decl":{"start":{"line":8,"column":28},"end":{"line":8,"column":29}},"loc":{"start":{"line":8,"column":29},"end":{"line":15,"column":2}}},"2":{"name":"simpleHash","decl":{"start":{"line":17,"column":16},"end":{"line":17,"column":27}},"loc":{"start":{"line":17,"column":40},"end":{"line":25,"column":null}}},"3":{"name":"getDashboardRoute","decl":{"start":{"line":33,"column":16},"end":{"line":33,"column":34}},"loc":{"start":{"line":33,"column":48},"end":{"line":40,"column":null}}},"4":{"name":"validateStock","decl":{"start":{"line":42,"column":16},"end":{"line":42,"column":null}},"loc":{"start":{"line":45,"column":19},"end":{"line":55,"column":null}}},"5":{"name":"isValidUUID","decl":{"start":{"line":57,"column":16},"end":{"line":57,"column":28}},"loc":{"start":{"line":57,"column":39},"end":{"line":61,"column":null}}},"6":{"name":"isValidTransition","decl":{"start":{"line":69,"column":16},"end":{"line":69,"column":34}},"loc":{"start":{"line":69,"column":58},"end":{"line":71,"column":null}}}},"branchMap":{"0":{"loc":{"start":{"line":9,"column":18},"end":{"line":9,"column":null}},"type":"cond-expr","locations":[{"start":{"line":9,"column":46},"end":{"line":9,"column":54}},{"start":{"line":9,"column":54},"end":{"line":9,"column":null}}]},"1":{"loc":{"start":{"line":9,"column":54},"end":{"line":9,"column":null}},"type":"binary-expr","locations":[{"start":{"line":9,"column":54},"end":{"line":9,"column":75}},{"start":{"line":9,"column":75},"end":{"line":9,"column":null}}]},"2":{"loc":{"start":{"line":39,"column":9},"end":{"line":39,"column":null}},"type":"binary-expr","locations":[{"start":{"line":39,"column":9},"end":{"line":39,"column":26}},{"start":{"line":39,"column":30},"end":{"line":39,"column":null}}]},"3":{"loc":{"start":{"line":47,"column":2},"end":{"line":53,"column":null}},"type":"if","locations":[{"start":{"line":47,"column":2},"end":{"line":53,"column":null}},{"start":{},"end":{}}]},"4":{"loc":{"start":{"line":47,"column":6},"end":{"line":47,"column":64}},"type":"binary-expr","locations":[{"start":{"line":47,"column":6},"end":{"line":47,"column":37}},{"start":{"line":47,"column":37},"end":{"line":47,"column":64}}]},"5":{"loc":{"start":{"line":70,"column":9},"end":{"line":70,"column":null}},"type":"binary-expr","locations":[{"start":{"line":70,"column":9},"end":{"line":70,"column":51}},{"start":{"line":70,"column":51},"end":{"line":70,"column":null}}]}},"s":{"0":0,"1":3,"2":0,"3":0,"4":5,"5":5,"6":5,"7":50,"8":50,"9":50,"10":5,"11":4,"12":4,"13":3,"14":1,"15":2,"16":4,"17":4,"18":3,"19":4},"f":{"0":0,"1":0,"2":5,"3":4,"4":3,"5":4,"6":4},"b":{"0":[0,0],"1":[0,0],"2":[4,1],"3":[1,2],"4":[3,2],"5":[4,0]}}
,"C:/laragon/www/ProjectRiefaHaragumi-main/Frontend/src/lib/waitingList.ts": {"path":"C:/laragon/www/ProjectRiefaHaragumi-main/Frontend/src/lib/waitingList.ts","statementMap":{"0":{"start":{"line":15,"column":30},"end":{"line":30,"column":2}},"1":{"start":{"line":16,"column":31},"end":{"line":16,"column":33}},"2":{"start":{"line":17,"column":2},"end":{"line":25,"column":null}},"3":{"start":{"line":18,"column":4},"end":{"line":18,"column":null}},"4":{"start":{"line":18,"column":61},"end":{"line":18,"column":null}},"5":{"start":{"line":19,"column":4},"end":{"line":24,"column":null}},"6":{"start":{"line":20,"column":6},"end":{"line":23,"column":null}},"7":{"start":{"line":21,"column":21},"end":{"line":21,"column":null}},"8":{"start":{"line":22,"column":8},"end":{"line":22,"column":null}},"9":{"start":{"line":26,"column":2},"end":{"line":29,"column":null}},"10":{"start":{"line":27,"column":4},"end":{"line":27,"column":null}},"11":{"start":{"line":27,"column":49},"end":{"line":27,"column":null}},"12":{"start":{"line":28,"column":4},"end":{"line":28,"column":null}},"13":{"start":{"line":33,"column":37},"end":{"line":46,"column":2}},"14":{"start":{"line":38,"column":17},"end":{"line":38,"column":null}},"15":{"start":{"line":39,"column":2},"end":{"line":44,"column":null}},"16":{"start":{"line":41,"column":6},"end":{"line":44,"column":null}},"17":{"start":{"line":49,"column":39},"end":{"line":50,"column":76}},"18":{"start":{"line":50,"column":2},"end":{"line":50,"column":76}},"19":{"start":{"line":50,"column":23},"end":{"line":50,"column":70}},"20":{"start":{"line":53,"column":32},"end":{"line":63,"column":2}},"21":{"start":{"line":54,"column":12},"end":{"line":54,"column":null}},"22":{"start":{"line":55,"column":2},"end":{"line":60,"column":null}},"23":{"start":{"line":56,"column":4},"end":{"line":60,"column":null}},"24":{"start":{"line":57,"column":6},"end":{"line":59,"column":null}},"25":{"start":{"line":58,"column":8},"end":{"line":58,"column":null}},"26":{"start":{"line":62,"column":2},"end":{"line":62,"column":null}},"27":{"start":{"line":67,"column":34},"end":{"line":76,"column":2}},"28":{"start":{"line":71,"column":2},"end":{"line":71,"column":null}},"29":{"start":{"line":71,"column":29},"end":{"line":71,"column":null}},"30":{"start":{"line":72,"column":14},"end":{"line":72,"column":null}},"31":{"start":{"line":73,"column":2},"end":{"line":73,"column":null}},"32":{"start":{"line":73,"column":17},"end":{"line":73,"column":null}},"33":{"start":{"line":74,"column":2},"end":{"line":74,"column":null}},"34":{"start":{"line":74,"column":16},"end":{"line":74,"column":null}},"35":{"start":{"line":75,"column":2},"end":{"line":75,"column":null}},"36":{"start":{"line":91,"column":34},"end":{"line":116,"column":2}},"37":{"start":{"line":96,"column":17},"end":{"line":96,"column":null}},"38":{"start":{"line":97,"column":2},"end":{"line":115,"column":null}},"39":{"start":{"line":98,"column":19},"end":{"line":98,"column":null}},"40":{"start":{"line":100,"column":18},"end":{"line":100,"column":null}},"41":{"start":{"line":101,"column":21},"end":{"line":101,"column":null}},"42":{"start":{"line":102,"column":20},"end":{"line":102,"column":null}},"43":{"start":{"line":103,"column":22},"end":{"line":103,"column":null}},"44":{"start":{"line":104,"column":25},"end":{"line":104,"column":null}},"45":{"start":{"line":105,"column":23},"end":{"line":105,"column":null}},"46":{"start":{"line":106,"column":6},"end":{"line":113,"column":null}},"47":{"start":{"line":115,"column":20},"end":{"line":115,"column":37}}},"fnMap":{"0":{"name":"(anonymous_0)","decl":{"start":{"line":15,"column":30},"end":{"line":15,"column":31}},"loc":{"start":{"line":15,"column":31},"end":{"line":30,"column":2}}},"1":{"name":"(anonymous_1)","decl":{"start":{"line":17,"column":17},"end":{"line":17,"column":18}},"loc":{"start":{"line":17,"column":18},"end":{"line":25,"column":null}}},"2":{"name":"(anonymous_2)","decl":{"start":{"line":19,"column":23},"end":{"line":19,"column":24}},"loc":{"start":{"line":19,"column":24},"end":{"line":24,"column":null}}},"3":{"name":"(anonymous_3)","decl":{"start":{"line":26,"column":20},"end":{"line":26,"column":21}},"loc":{"start":{"line":26,"column":24},"end":{"line":29,"column":null}}},"4":{"name":"(anonymous_4)","decl":{"start":{"line":33,"column":37},"end":{"line":33,"column":null}},"loc":{"start":{"line":36,"column":2},"end":{"line":46,"column":2}}},"5":{"name":"(anonymous_5)","decl":{"start":{"line":40,"column":4},"end":{"line":40,"column":5}},"loc":{"start":{"line":41,"column":6},"end":{"line":44,"column":null}}},"6":{"name":"(anonymous_6)","decl":{"start":{"line":49,"column":39},"end":{"line":49,"column":40}},"loc":{"start":{"line":50,"column":2},"end":{"line":50,"column":76}}},"7":{"name":"(anonymous_7)","decl":{"start":{"line":50,"column":16},"end":{"line":50,"column":17}},"loc":{"start":{"line":50,"column":23},"end":{"line":50,"column":70}}},"8":{"name":"(anonymous_8)","decl":{"start":{"line":53,"column":32},"end":{"line":53,"column":33}},"loc":{"start":{"line":53,"column":33},"end":{"line":63,"column":2}}},"9":{"name":"(anonymous_9)","decl":{"start":{"line":55,"column":17},"end":{"line":55,"column":18}},"loc":{"start":{"line":56,"column":4},"end":{"line":60,"column":null}}},"10":{"name":"(anonymous_10)","decl":{"start":{"line":56,"column":23},"end":{"line":56,"column":24}},"loc":{"start":{"line":56,"column":24},"end":{"line":60,"column":null}}},"11":{"name":"(anonymous_11)","decl":{"start":{"line":67,"column":34},"end":{"line":67,"column":null}},"loc":{"start":{"line":69,"column":2},"end":{"line":76,"column":2}}},"12":{"name":"(anonymous_12)","decl":{"start":{"line":91,"column":34},"end":{"line":91,"column":null}},"loc":{"start":{"line":94,"column":2},"end":{"line":116,"column":2}}},"13":{"name":"(anonymous_13)","decl":{"start":{"line":98,"column":12},"end":{"line":98,"column":13}},"loc":{"start":{"line":98,"column":19},"end":{"line":98,"column":null}}},"14":{"name":"(anonymous_14)","decl":{"start":{"line":99,"column":25},"end":{"line":99,"column":26}},"loc":{"start":{"line":99,"column":26},"end":{"line":114,"column":null}}},"15":{"name":"(anonymous_15)","decl":{"start":{"line":115,"column":10},"end":{"line":115,"column":11}},"loc":{"start":{"line":115,"column":20},"end":{"line":115,"column":37}}}},"branchMap":{"0":{"loc":{"start":{"line":18,"column":4},"end":{"line":18,"column":null}},"type":"if","locations":[{"start":{"line":18,"column":4},"end":{"line":18,"column":null}},{"start":{},"end":{}}]},"1":{"loc":{"start":{"line":18,"column":8},"end":{"line":18,"column":61}},"type":"binary-expr","locations":[{"start":{"line":18,"column":8},"end":{"line":18,"column":34}},{"start":{"line":18,"column":34},"end":{"line":18,"column":61}}]},"2":{"loc":{"start":{"line":20,"column":6},"end":{"line":23,"column":null}},"type":"if","locations":[{"start":{"line":20,"column":6},"end":{"line":23,"column":null}},{"start":{},"end":{}}]},"3":{"loc":{"start":{"line":20,"column":10},"end":{"line":20,"column":51}},"type":"binary-expr","locations":[{"start":{"line":20,"column":10},"end":{"line":20,"column":23}},{"start":{"line":20,"column":27},"end":{"line":20,"column":51}}]},"4":{"loc":{"start":{"line":27,"column":4},"end":{"line":27,"column":null}},"type":"if","locations":[{"start":{"line":27,"column":4},"end":{"line":27,"column":null}},{"start":{},"end":{}}]},"5":{"loc":{"start":{"line":27,"column":56},"end":{"line":27,"column":null}},"type":"cond-expr","locations":[{"start":{"line":27,"column":76},"end":{"line":27,"column":81}},{"start":{"line":27,"column":81},"end":{"line":27,"column":null}}]},"6":{"loc":{"start":{"line":41,"column":6},"end":{"line":44,"column":null}},"type":"binary-expr","locations":[{"start":{"line":41,"column":6},"end":{"line":41,"column":null}},{"start":{"line":42,"column":6},"end":{"line":42,"column":null}},{"start":{"line":43,"column":6},"end":{"line":43,"column":null}},{"start":{"line":44,"column":7},"end":{"line":44,"column":27}},{"start":{"line":44,"column":27},"end":{"line":44,"column":69}}]},"7":{"loc":{"start":{"line":44,"column":28},"end":{"line":44,"column":54}},"type":"binary-expr","locations":[{"start":{"line":44,"column":28},"end":{"line":44,"column":48}},{"start":{"line":44,"column":48},"end":{"line":44,"column":54}}]},"8":{"loc":{"start":{"line":44,"column":54},"end":{"line":44,"column":69}},"type":"binary-expr","locations":[{"start":{"line":44,"column":54},"end":{"line":44,"column":64}},{"start":{"line":44,"column":68},"end":{"line":44,"column":69}}]},"9":{"loc":{"start":{"line":50,"column":23},"end":{"line":50,"column":70}},"type":"binary-expr","locations":[{"start":{"line":50,"column":23},"end":{"line":50,"column":46}},{"start":{"line":50,"column":46},"end":{"line":50,"column":70}}]},"10":{"loc":{"start":{"line":57,"column":6},"end":{"line":59,"column":null}},"type":"if","locations":[{"start":{"line":57,"column":6},"end":{"line":59,"column":null}},{"start":{},"end":{}}]},"11":{"loc":{"start":{"line":57,"column":10},"end":{"line":57,"column":50}},"type":"binary-expr","locations":[{"start":{"line":57,"column":10},"end":{"line":57,"column":22}},{"start":{"line":57,"column":26},"end":{"line":57,"column":50}}]},"12":{"loc":{"start":{"line":58,"column":29},"end":{"line":58,"column":57}},"type":"binary-expr","locations":[{"start":{"line":58,"column":29},"end":{"line":58,"column":52}},{"start":{"line":58,"column":52},"end":{"line":58,"column":57}}]},"13":{"loc":{"start":{"line":71,"column":2},"end":{"line":71,"column":null}},"type":"if","locations":[{"start":{"line":71,"column":2},"end":{"line":71,"column":null}},{"start":{},"end":{}}]},"14":{"loc":{"start":{"line":72,"column":14},"end":{"line":72,"column":null}},"type":"binary-expr","locations":[{"start":{"line":72,"column":14},"end":{"line":72,"column":27}},{"start":{"line":72,"column":31},"end":{"line":72,"column":null}}]},"15":{"loc":{"start":{"line":73,"column":2},"end":{"line":73,"column":null}},"type":"if","locations":[{"start":{"line":73,"column":2},"end":{"line":73,"column":null}},{"start":{},"end":{}}]},"16":{"loc":{"start":{"line":74,"column":2},"end":{"line":74,"column":null}},"type":"if","locations":[{"start":{"line":74,"column":2},"end":{"line":74,"column":null}},{"start":{},"end":{}}]},"17":{"loc":{"start":{"line":75,"column":9},"end":{"line":75,"column":null}},"type":"cond-expr","locations":[{"start":{"line":75,"column":30},"end":{"line":75,"column":39}},{"start":{"line":75,"column":39},"end":{"line":75,"column":null}}]},"18":{"loc":{"start":{"line":98,"column":19},"end":{"line":98,"column":null}},"type":"binary-expr","locations":[{"start":{"line":98,"column":19},"end":{"line":98,"column":45}},{"start":{"line":98,"column":45},"end":{"line":98,"column":null}}]},"19":{"loc":{"start":{"line":100,"column":18},"end":{"line":100,"column":null}},"type":"cond-expr","locations":[{"start":{"line":100,"column":37},"end":{"line":100,"column":49}},{"start":{"line":100,"column":49},"end":{"line":100,"column":null}}]},"20":{"loc":{"start":{"line":100,"column":49},"end":{"line":100,"column":null}},"type":"binary-expr","locations":[{"start":{"line":100,"column":49},"end":{"line":100,"column":59}},{"start":{"line":100,"column":63},"end":{"line":100,"column":null}}]},"21":{"loc":{"start":{"line":101,"column":21},"end":{"line":101,"column":null}},"type":"binary-expr","locations":[{"start":{"line":101,"column":21},"end":{"line":101,"column":41}},{"start":{"line":101,"column":41},"end":{"line":101,"column":null}}]},"22":{"loc":{"start":{"line":103,"column":22},"end":{"line":103,"column":null}},"type":"binary-expr","locations":[{"start":{"line":103,"column":22},"end":{"line":103,"column":32}},{"start":{"line":103,"column":32},"end":{"line":103,"column":null}}]},"23":{"loc":{"start":{"line":103,"column":33},"end":{"line":103,"column":67}},"type":"binary-expr","locations":[{"start":{"line":103,"column":33},"end":{"line":103,"column":62}},{"start":{"line":103,"column":62},"end":{"line":103,"column":67}}]},"24":{"loc":{"start":{"line":104,"column":25},"end":{"line":104,"column":null}},"type":"cond-expr","locations":[{"start":{"line":104,"column":33},"end":{"line":104,"column":37}},{"start":{"line":104,"column":37},"end":{"line":104,"column":null}}]},"25":{"loc":{"start":{"line":104,"column":37},"end":{"line":104,"column":null}},"type":"cond-expr","locations":[{"start":{"line":104,"column":47},"end":{"line":104,"column":51}},{"start":{"line":104,"column":51},"end":{"line":104,"column":null}}]},"26":{"loc":{"start":{"line":105,"column":23},"end":{"line":105,"column":null}},"type":"cond-expr","locations":[{"start":{"line":105,"column":42},"end":{"line":105,"column":46}},{"start":{"line":105,"column":46},"end":{"line":105,"column":null}}]},"27":{"loc":{"start":{"line":109,"column":20},"end":{"line":109,"column":null}},"type":"cond-expr","locations":[{"start":{"line":109,"column":28},"end":{"line":109,"column":37}},{"start":{"line":109,"column":37},"end":{"line":109,"column":null}}]},"28":{"loc":{"start":{"line":109,"column":37},"end":{"line":109,"column":null}},"type":"cond-expr","locations":[{"start":{"line":109,"column":47},"end":{"line":109,"column":55}},{"start":{"line":109,"column":55},"end":{"line":109,"column":null}}]},"29":{"loc":{"start":{"line":112,"column":18},"end":{"line":112,"column":null}},"type":"binary-expr","locations":[{"start":{"line":112,"column":18},"end":{"line":112,"column":28}},{"start":{"line":112,"column":32},"end":{"line":112,"column":null}}]}},"s":{"0":2,"1":0,"2":0,"3":0,"4":0,"5":0,"6":0,"7":0,"8":0,"9":0,"10":0,"11":0,"12":0,"13":2,"14":0,"15":0,"16":0,"17":2,"18":8,"19":296,"20":2,"21":3,"22":3,"23":3,"24":5,"25":2,"26":3,"27":2,"28":0,"29":0,"30":0,"31":0,"32":0,"33":0,"34":0,"35":0,"36":2,"37":0,"38":0,"39":0,"40":0,"41":0,"42":0,"43":0,"44":0,"45":0,"46":0,"47":0},"f":{"0":0,"1":0,"2":0,"3":0,"4":0,"5":0,"6":8,"7":296,"8":3,"9":3,"10":5,"11":0,"12":0,"13":0,"14":0,"15":0},"b":{"0":[0,0],"1":[0,0],"2":[0,0],"3":[0,0],"4":[0,0],"5":[0,0],"6":[0,0,0,0,0],"7":[0,0],"8":[0,0],"9":[296,96],"10":[2,3],"11":[5,5],"12":[2,2],"13":[0,0],"14":[0,0],"15":[0,0],"16":[0,0],"17":[0,0],"18":[0,0],"19":[0,0],"20":[0,0],"21":[0,0],"22":[0,0],"23":[0,0],"24":[0,0],"25":[0,0],"26":[0,0],"27":[0,0],"28":[0,0],"29":[0,0]}}
}
