<?xml version="1.0" encoding="UTF-8"?>
<coverage generated="1783530517360" clover="3.2.0">
  <project timestamp="1783530517361" name="All files">
    <metrics statements="45" coveredstatements="45" conditionals="44" coveredconditionals="42" methods="14" coveredmethods="14" elements="103" coveredelements="101" complexity="0" loc="45" ncloc="45" packages="1" files="1" classes="1"/>
    <file name="validation.ts" path="C:/laragon/www/ProjectRiefaHaragumi-main/backend/src/lib/validation.ts">
      <metrics statements="45" coveredstatements="45" conditionals="44" coveredconditionals="42" methods="14" coveredmethods="14"/>
      <line num="3" count="4" type="stmt"/>
      <line num="8" count="4" type="stmt"/>
      <line num="9" count="3" type="stmt"/>
      <line num="14" count="4" type="stmt"/>
      <line num="29" count="4" type="stmt"/>
      <line num="51" count="4" type="stmt"/>
      <line num="59" count="4" type="stmt"/>
      <line num="66" count="4" type="cond" truecount="2" falsecount="0"/>
      <line num="67" count="2" type="stmt"/>
      <line num="69" count="2" type="stmt"/>
      <line num="70" count="2" type="cond" truecount="4" falsecount="0"/>
      <line num="71" count="1" type="stmt"/>
      <line num="73" count="1" type="stmt"/>
      <line num="80" count="5" type="stmt"/>
      <line num="81" count="7" type="cond" truecount="2" falsecount="0"/>
      <line num="83" count="5" type="stmt"/>
      <line num="87" count="3" type="stmt"/>
      <line num="88" count="3" type="stmt"/>
      <line num="89" count="3" type="stmt"/>
      <line num="90" count="3" type="stmt"/>
      <line num="98" count="4" type="cond" truecount="2" falsecount="0"/>
      <line num="99" count="4" type="cond" truecount="4" falsecount="0"/>
      <line num="100" count="1" type="stmt"/>
      <line num="102" count="4" type="cond" truecount="2" falsecount="0"/>
      <line num="103" count="4" type="stmt"/>
      <line num="107" count="2" type="cond" truecount="2" falsecount="0"/>
      <line num="111" count="3" type="stmt"/>
      <line num="115" count="7" type="stmt"/>
      <line num="116" count="7" type="stmt"/>
      <line num="117" count="7" type="cond" truecount="3" falsecount="1"/>
      <line num="118" count="7" type="cond" truecount="2" falsecount="0"/>
      <line num="119" count="6" type="cond" truecount="2" falsecount="0"/>
      <line num="120" count="2" type="stmt"/>
      <line num="124" count="3" type="stmt"/>
      <line num="125" count="3" type="stmt"/>
      <line num="126" count="3" type="cond" truecount="3" falsecount="0"/>
      <line num="130" count="2" type="cond" truecount="2" falsecount="0"/>
      <line num="137" count="3" type="cond" truecount="5" falsecount="0"/>
      <line num="138" count="1" type="stmt"/>
      <line num="140" count="2" type="stmt"/>
      <line num="144" count="10" type="cond" truecount="3" falsecount="1"/>
      <line num="145" count="10" type="stmt"/>
      <line num="146" count="10" type="cond" truecount="4" falsecount="0"/>
      <line num="147" count="7" type="stmt"/>
      <line num="151" count="2" type="stmt"/>
    </file>
  </project>
</coverage>
