{"C:/laragon/www/ProjectRiefaHaragumi-main/backend/src/lib/validation.ts": {"path":"C:/laragon/www/ProjectRiefaHaragumi-main/backend/src/lib/validation.ts","statementMap":{"0":{"start":{"line":3,"column":27},"end":{"line":6,"column":null}},"1":{"start":{"line":8,"column":30},"end":{"line":12,"column":null}},"2":{"start":{"line":9,"column":47},"end":{"line":9,"column":69}},"3":{"start":{"line":14,"column":33},"end":{"line":27,"column":null}},"4":{"start":{"line":29,"column":32},"end":{"line":40,"column":null}},"5":{"start":{"line":51,"column":46},"end":{"line":57,"column":null}},"6":{"start":{"line":59,"column":50},"end":{"line":63,"column":null}},"7":{"start":{"line":66,"column":2},"end":{"line":68,"column":null}},"8":{"start":{"line":67,"column":4},"end":{"line":67,"column":null}},"9":{"start":{"line":69,"column":16},"end":{"line":69,"column":null}},"10":{"start":{"line":70,"column":2},"end":{"line":72,"column":null}},"11":{"start":{"line":71,"column":4},"end":{"line":71,"column":null}},"12":{"start":{"line":73,"column":2},"end":{"line":73,"column":null}},"13":{"start":{"line":80,"column":17},"end":{"line":82,"column":null}},"14":{"start":{"line":81,"column":11},"end":{"line":81,"column":null}},"15":{"start":{"line":83,"column":2},"end":{"line":83,"column":null}},"16":{"start":{"line":87,"column":14},"end":{"line":87,"column":null}},"17":{"start":{"line":88,"column":15},"end":{"line":88,"column":null}},"18":{"start":{"line":89,"column":16},"end":{"line":89,"column":null}},"19":{"start":{"line":90,"column":2},"end":{"line":90,"column":null}},"20":{"start":{"line":98,"column":16},"end":{"line":98,"column":null}},"21":{"start":{"line":99,"column":2},"end":{"line":101,"column":null}},"22":{"start":{"line":100,"column":4},"end":{"line":100,"column":null}},"23":{"start":{"line":102,"column":23},"end":{"line":102,"column":null}},"24":{"start":{"line":103,"column":2},"end":{"line":103,"column":null}},"25":{"start":{"line":107,"column":2},"end":{"line":107,"column":null}},"26":{"start":{"line":111,"column":2},"end":{"line":111,"column":null}},"27":{"start":{"line":115,"column":18},"end":{"line":115,"column":null}},"28":{"start":{"line":116,"column":16},"end":{"line":116,"column":null}},"29":{"start":{"line":117,"column":2},"end":{"line":117,"column":null}},"30":{"start":{"line":117,"column":38},"end":{"line":117,"column":null}},"31":{"start":{"line":118,"column":2},"end":{"line":118,"column":null}},"32":{"start":{"line":118,"column":25},"end":{"line":118,"column":null}},"33":{"start":{"line":119,"column":2},"end":{"line":119,"column":null}},"34":{"start":{"line":119,"column":29},"end":{"line":119,"column":null}},"35":{"start":{"line":120,"column":2},"end":{"line":120,"column":null}},"36":{"start":{"line":124,"column":18},"end":{"line":124,"column":null}},"37":{"start":{"line":125,"column":16},"end":{"line":125,"column":null}},"38":{"start":{"line":126,"column":2},"end":{"line":126,"column":null}},"39":{"start":{"line":130,"column":2},"end":{"line":130,"column":null}},"40":{"start":{"line":137,"column":2},"end":{"line":139,"column":null}},"41":{"start":{"line":138,"column":4},"end":{"line":138,"column":null}},"42":{"start":{"line":140,"column":2},"end":{"line":140,"column":null}},"43":{"start":{"line":144,"column":20},"end":{"line":144,"column":null}},"44":{"start":{"line":145,"column":17},"end":{"line":145,"column":null}},"45":{"start":{"line":146,"column":2},"end":{"line":146,"column":null}},"46":{"start":{"line":146,"column":42},"end":{"line":146,"column":null}},"47":{"start":{"line":147,"column":2},"end":{"line":147,"column":null}},"48":{"start":{"line":151,"column":2},"end":{"line":151,"column":null}}},"fnMap":{"0":{"name":"(anonymous_0)","decl":{"start":{"line":9,"column":30},"end":{"line":9,"column":41}},"loc":{"start":{"line":9,"column":47},"end":{"line":9,"column":69}}},"1":{"name":"validateToken","decl":{"start":{"line":65,"column":16},"end":{"line":65,"column":30}},"loc":{"start":{"line":65,"column":87},"end":{"line":74,"column":null}}},"2":{"name":"hasActiveSubtasks","decl":{"start":{"line":76,"column":16},"end":{"line":76,"column":null}},"loc":{"start":{"line":79,"column":41},"end":{"line":84,"column":null}}},"3":{"name":"(anonymous_3)","decl":{"start":{"line":80,"column":26},"end":{"line":80,"column":null}},"loc":{"start":{"line":81,"column":11},"end":{"line":81,"column":null}}},"4":{"name":"generateCode","decl":{"start":{"line":86,"column":16},"end":{"line":86,"column":29}},"loc":{"start":{"line":86,"column":48},"end":{"line":91,"column":null}}},"5":{"name":"determineOrderType","decl":{"start":{"line":93,"column":16},"end":{"line":93,"column":null}},"loc":{"start":{"line":97,"column":40},"end":{"line":104,"column":null}}},"6":{"name":"getInitialStatus","decl":{"start":{"line":106,"column":16},"end":{"line":106,"column":33}},"loc":{"start":{"line":106,"column":58},"end":{"line":108,"column":null}}},"7":{"name":"handleStockDeduction","decl":{"start":{"line":110,"column":16},"end":{"line":110,"column":37}},"loc":{"start":{"line":110,"column":85},"end":{"line":112,"column":null}}},"8":{"name":"isValidOrderTransition","decl":{"start":{"line":114,"column":16},"end":{"line":114,"column":39}},"loc":{"start":{"line":114,"column":84},"end":{"line":121,"column":null}}},"9":{"name":"isValidSubTaskTransition","decl":{"start":{"line":123,"column":16},"end":{"line":123,"column":41}},"loc":{"start":{"line":123,"column":90},"end":{"line":127,"column":null}}},"10":{"name":"autoTransitionOrderOnSubtaskStart","decl":{"start":{"line":129,"column":16},"end":{"line":129,"column":50}},"loc":{"start":{"line":129,"column":89},"end":{"line":131,"column":null}}},"11":{"name":"autoTransitionOrderOnAllDone","decl":{"start":{"line":133,"column":16},"end":{"line":133,"column":null}},"loc":{"start":{"line":136,"column":15},"end":{"line":141,"column":null}}},"12":{"name":"calculateWage","decl":{"start":{"line":143,"column":16},"end":{"line":143,"column":30}},"loc":{"start":{"line":143,"column":71},"end":{"line":148,"column":null}}},"13":{"name":"newId","decl":{"start":{"line":150,"column":16},"end":{"line":150,"column":22}},"loc":{"start":{"line":150,"column":46},"end":{"line":152,"column":null}}}},"branchMap":{"0":{"loc":{"start":{"line":66,"column":2},"end":{"line":68,"column":null}},"type":"if","locations":[{"start":{"line":66,"column":2},"end":{"line":68,"column":null}},{"start":{},"end":{}}]},"1":{"loc":{"start":{"line":70,"column":2},"end":{"line":72,"column":null}},"type":"if","locations":[{"start":{"line":70,"column":2},"end":{"line":72,"column":null}},{"start":{},"end":{}}]},"2":{"loc":{"start":{"line":70,"column":6},"end":{"line":70,"column":35}},"type":"binary-expr","locations":[{"start":{"line":70,"column":6},"end":{"line":70,"column":16}},{"start":{"line":70,"column":16},"end":{"line":70,"column":35}}]},"3":{"loc":{"start":{"line":81,"column":11},"end":{"line":81,"column":null}},"type":"binary-expr","locations":[{"start":{"line":81,"column":11},"end":{"line":81,"column":38}},{"start":{"line":81,"column":38},"end":{"line":81,"column":null}}]},"4":{"loc":{"start":{"line":98,"column":16},"end":{"line":98,"column":null}},"type":"binary-expr","locations":[{"start":{"line":98,"column":16},"end":{"line":98,"column":24}},{"start":{"line":98,"column":24},"end":{"line":98,"column":null}}]},"5":{"loc":{"start":{"line":99,"column":2},"end":{"line":101,"column":null}},"type":"if","locations":[{"start":{"line":99,"column":2},"end":{"line":101,"column":null}},{"start":{},"end":{}}]},"6":{"loc":{"start":{"line":99,"column":6},"end":{"line":99,"column":58}},"type":"binary-expr","locations":[{"start":{"line":99,"column":6},"end":{"line":99,"column":35}},{"start":{"line":99,"column":35},"end":{"line":99,"column":58}}]},"7":{"loc":{"start":{"line":102,"column":23},"end":{"line":102,"column":null}},"type":"cond-expr","locations":[{"start":{"line":102,"column":51},"end":{"line":102,"column":59}},{"start":{"line":102,"column":59},"end":{"line":102,"column":null}}]},"8":{"loc":{"start":{"line":107,"column":9},"end":{"line":107,"column":null}},"type":"cond-expr","locations":[{"start":{"line":107,"column":37},"end":{"line":107,"column":52}},{"start":{"line":107,"column":52},"end":{"line":107,"column":null}}]},"9":{"loc":{"start":{"line":117,"column":2},"end":{"line":117,"column":null}},"type":"if","locations":[{"start":{"line":117,"column":2},"end":{"line":117,"column":null}},{"start":{},"end":{}}]},"10":{"loc":{"start":{"line":117,"column":6},"end":{"line":117,"column":38}},"type":"binary-expr","locations":[{"start":{"line":117,"column":6},"end":{"line":117,"column":24}},{"start":{"line":117,"column":24},"end":{"line":117,"column":38}}]},"11":{"loc":{"start":{"line":118,"column":2},"end":{"line":118,"column":null}},"type":"if","locations":[{"start":{"line":118,"column":2},"end":{"line":118,"column":null}},{"start":{},"end":{}}]},"12":{"loc":{"start":{"line":119,"column":2},"end":{"line":119,"column":null}},"type":"if","locations":[{"start":{"line":119,"column":2},"end":{"line":119,"column":null}},{"start":{},"end":{}}]},"13":{"loc":{"start":{"line":126,"column":9},"end":{"line":126,"column":null}},"type":"binary-expr","locations":[{"start":{"line":126,"column":9},"end":{"line":126,"column":27}},{"start":{"line":126,"column":27},"end":{"line":126,"column":43}},{"start":{"line":126,"column":43},"end":{"line":126,"column":null}}]},"14":{"loc":{"start":{"line":130,"column":9},"end":{"line":130,"column":null}},"type":"cond-expr","locations":[{"start":{"line":130,"column":37},"end":{"line":130,"column":59}},{"start":{"line":130,"column":59},"end":{"line":130,"column":null}}]},"15":{"loc":{"start":{"line":137,"column":2},"end":{"line":139,"column":null}},"type":"if","locations":[{"start":{"line":137,"column":2},"end":{"line":139,"column":null}},{"start":{},"end":{}}]},"16":{"loc":{"start":{"line":137,"column":6},"end":{"line":137,"column":84}},"type":"binary-expr","locations":[{"start":{"line":137,"column":6},"end":{"line":137,"column":25}},{"start":{"line":137,"column":25},"end":{"line":137,"column":57}},{"start":{"line":137,"column":57},"end":{"line":137,"column":84}}]},"17":{"loc":{"start":{"line":144,"column":20},"end":{"line":144,"column":null}},"type":"cond-expr","locations":[{"start":{"line":144,"column":48},"end":{"line":144,"column":73}},{"start":{"line":144,"column":73},"end":{"line":144,"column":null}}]},"18":{"loc":{"start":{"line":144,"column":48},"end":{"line":144,"column":73}},"type":"binary-expr","locations":[{"start":{"line":144,"column":48},"end":{"line":144,"column":69}},{"start":{"line":144,"column":69},"end":{"line":144,"column":73}}]},"19":{"loc":{"start":{"line":146,"column":2},"end":{"line":146,"column":null}},"type":"if","locations":[{"start":{"line":146,"column":2},"end":{"line":146,"column":null}},{"start":{},"end":{}}]},"20":{"loc":{"start":{"line":146,"column":6},"end":{"line":146,"column":42}},"type":"binary-expr","locations":[{"start":{"line":146,"column":6},"end":{"line":146,"column":23}},{"start":{"line":146,"column":23},"end":{"line":146,"column":42}}]}},"s":{"0":4,"1":4,"2":3,"3":4,"4":4,"5":4,"6":4,"7":4,"8":2,"9":2,"10":2,"11":1,"12":1,"13":5,"14":7,"15":5,"16":3,"17":3,"18":3,"19":3,"20":4,"21":4,"22":1,"23":4,"24":4,"25":2,"26":3,"27":7,"28":7,"29":7,"30":0,"31":7,"32":1,"33":6,"34":4,"35":2,"36":3,"37":3,"38":3,"39":2,"40":3,"41":1,"42":2,"43":10,"44":10,"45":10,"46":3,"47":7,"48":2},"f":{"0":3,"1":4,"2":5,"3":7,"4":3,"5":4,"6":2,"7":3,"8":7,"9":3,"10":2,"11":3,"12":10,"13":2},"b":{"0":[2,2],"1":[1,1],"2":[2,1],"3":[7,6],"4":[4,1],"5":[1,3],"6":[4,2],"7":[1,3],"8":[1,1],"9":[0,7],"10":[7,7],"11":[1,6],"12":[4,2],"13":[3,3,3],"14":[1,1],"15":[1,2],"16":[3,2,2],"17":[1,9],"18":[1,0],"19":[3,7],"20":[10,7]}}
}
